<?xml version="1.0" encoding="UTF-8"?>
<!-- Generated by org.testng.reporters.JUnitReportReporter -->
<testsuite hostname="bassundar-HP" name="testcases.VerifyLoginPage" tests="1" failures="0" timestamp="30 Aug 2017 23:50:13 GMT" time="22.621" errors="0">
  <testcase name="testHomePage" time="22.621" classname="testcases.VerifyLoginPage"/>
</testsuite> <!-- testcases.VerifyLoginPage -->
