<?xml version="1.0" encoding="UTF-8"?>
<!-- Generated by org.testng.reporters.JUnitReportReporter -->
<testsuite hostname="bassundar-HP" name="testcases.VerifyLoginPageWithReports1" tests="1" failures="0" timestamp="31 Aug 2017 22:18:40 GMT" time="26.005" errors="0">
  <testcase name="testHomePage" time="26.005" classname="testcases.VerifyLoginPageWithReports1"/>
</testsuite> <!-- testcases.VerifyLoginPageWithReports1 -->
