<?xml version="1.0" encoding="UTF-8"?>
<!-- Generated by org.testng.reporters.JUnitReportReporter -->
<testsuite hostname="bassundar-HP" name="testcases.VerifyHomePage" tests="1" failures="0" timestamp="30 Aug 2017 23:50:13 GMT" time="11.481" errors="0">
  <testcase name="testHomePage" time="11.481" classname="testcases.VerifyHomePage"/>
</testsuite> <!-- testcases.VerifyHomePage -->
