<?xml version="1.0" encoding="UTF-8"?>
<!-- Generated by org.testng.reporters.JUnitReportReporter -->
<testsuite hostname="bassundar-HP" name="testcases.VerifyLoginPageWithReports" tests="1" failures="0" timestamp="31 Aug 2017 21:37:31 GMT" time="143.442" errors="0">
  <testcase name="testHomePage" time="143.442" classname="testcases.VerifyLoginPageWithReports"/>
</testsuite> <!-- testcases.VerifyLoginPageWithReports -->
